<?xml version="1.0" encoding="UTF-8"?>
<!-- Generated by org.testng.reporters.JUnitReportReporter -->
<testsuite skipped="0" hostname="DESKTOP-UFKSKVF" name="com.tests.GoogleTest" tests="2" failures="0" timestamp="19 Mar 2021 19:25:54 GMT" time="14.235" errors="0">
  <testcase name="test1" time="4.243" classname="com.tests.GoogleTest"/>
  <testcase name="test2" time="9.992" classname="com.tests.GoogleTest"/>
</testsuite> <!-- com.tests.GoogleTest -->
