<?xml version="1.0" encoding="UTF-8"?>
<!-- Generated by org.testng.reporters.JUnitReportReporter -->
<testsuite skipped="0" hostname="DESKTOP-UFKSKVF" name="com.tests.LoginTest" tests="1" failures="0" timestamp="20 Feb 2022 02:50:53 GMT" time="20.501" errors="0">
  <testcase name="verifyLogin" time="20.501" classname="com.tests.LoginTest"/>
</testsuite> <!-- com.tests.LoginTest -->
