<?xml version="1.0" encoding="UTF-8"?>
<!-- Generated by org.testng.reporters.JUnitReportReporter -->
<testsuite skipped="0" hostname="01VD0028720" name="com.tests.LoginTest" tests="1" failures="0" timestamp="18 Jun 2020 06:45:17 GMT" time="42.197" errors="0">
  <testcase name="logInTest" time="42.197" classname="com.tests.LoginTest"/>
</testsuite> <!-- com.tests.LoginTest -->
